

================================================================
== Vivado HLS Report for 'readmem'
================================================================
* Date:           Fri Dec 25 17:01:12 2020

* Version:        2019.2 (Build 2704478 on Wed Nov 06 22:10:23 MST 2019)
* Project:        proj_stable_content
* Solution:       Optimaized
* Product family: zynq
* Target device:  xc7z020-clg484-1


================================================================
== Performance Estimates
================================================================
+ Timing: 
    * Summary: 
    +--------+----------+-----------+------------+
    |  Clock |  Target  | Estimated | Uncertainty|
    +--------+----------+-----------+------------+
    |ap_clk  | 13.33 ns | 10.138 ns |   1.67 ns  |
    +--------+----------+-----------+------------+

+ Latency: 
    * Summary: 
    +---------+---------+----------+----------+-----+-----+----------+
    |  Latency (cycles) |  Latency (absolute) |  Interval | Pipeline |
    |   min   |   max   |    min   |    max   | min | max |   Type   |
    +---------+---------+----------+----------+-----+-----+----------+
    |       22|       22| 0.293 us | 0.293 us |   10|   10| dataflow |
    +---------+---------+----------+----------+-----+-----+----------+

    + Detail: 
        * Instance: 
        +--------------------+----------+---------+---------+----------+----------+-----+-----+----------+
        |                    |          |  Latency (cycles) |  Latency (absolute) |  Interval | Pipeline |
        |      Instance      |  Module  |   min   |   max   |    min   |    max   | min | max |   Type   |
        +--------------------+----------+---------+---------+----------+----------+-----+-----+----------+
        |grp_readmemB_fu_46  |readmemB  |       10|       10| 0.133 us | 0.133 us |   10|   10| function |
        |grp_readmemA_fu_55  |readmemA  |       11|       11| 0.147 us | 0.147 us |   10|   10| function |
        +--------------------+----------+---------+---------+----------+----------+-----+-----+----------+

        * Loop: 
        N/A

============================================================
+ Verbose Summary: Synthesis Manager
============================================================
InlineROM: 1
ExposeGlobal: 0
============================================================
+ Verbose Summary: CDFG Model
============================================================
IsTopModel: 0
ResetActiveHigh: 1
IsCombinational: 2
IsDatapathOnly: 0
HasWiredReturn: 1
HasMFsm: 0
HasVarLatency: 1
IsPipeline: 0
IsRtlPipelined: 0
IsInstanceOverlapped: 0
IsDontTouch: 0
HasImplIP: 0
IsGatedGlobalClock: 0


============================================================
+ Verbose Summary: Schedule
============================================================
* Number of FSM states : 23
* Pipeline : 0
* Dataflow Pipeline: 1
  DF-Pipeline-0: Size = 23, States = { 1 2 3 4 5 6 7 8 9 10 11 12 13 14 15 16 17 18 19 20 21 22 23 }

* FSM state transitions: 
1 --> 2 
2 --> 3 
3 --> 4 
4 --> 5 
5 --> 6 
6 --> 7 
7 --> 8 
8 --> 9 
9 --> 10 
10 --> 11 
11 --> 12 
12 --> 13 
13 --> 14 
14 --> 15 
15 --> 16 
16 --> 17 
17 --> 18 
18 --> 19 
19 --> 20 
20 --> 21 
21 --> 22 
22 --> 23 
23 --> 

* FSM state operations: 

State 1 <SV = 0> <Delay = 0.00>
ST_1 : Operation 24 [1/1] (0.00ns)   --->   "%req_strm_V = alloca i32, align 4" [example.cpp:57]   --->   Operation 24 'alloca' 'req_strm_V' <Predicate = true> <Delay = 0.00> <Core = "FIFO">   --->   Core 32 'FIFO' <Latency = 0> <II = 1> <Delay = 3.63> <Storage> <Opcode : 'read' 'write' 'nbread' 'nbwrite'> <Ports = 0> <Width = 32> <Depth = 4> <FIFO>
ST_1 : Operation 25 [12/12] (0.00ns)   --->   "call fastcc void @readmemA(i32* %in_strm_V, i32* %req_strm_V, [10 x i32]* %tb)" [example.cpp:61]   --->   Operation 25 'call' <Predicate = true> <Delay = 0.00> <CoreType = "Generic">   --->   Core 0 '' <Latency = 0> <II = 1> <Delay = 1.00> <Generic> <Opcode : >

State 2 <SV = 1> <Delay = 0.00>
ST_2 : Operation 26 [11/12] (0.00ns)   --->   "call fastcc void @readmemA(i32* %in_strm_V, i32* %req_strm_V, [10 x i32]* %tb)" [example.cpp:61]   --->   Operation 26 'call' <Predicate = true> <Delay = 0.00> <CoreType = "Generic">   --->   Core 0 '' <Latency = 0> <II = 1> <Delay = 1.00> <Generic> <Opcode : >

State 3 <SV = 2> <Delay = 0.00>
ST_3 : Operation 27 [10/12] (0.00ns)   --->   "call fastcc void @readmemA(i32* %in_strm_V, i32* %req_strm_V, [10 x i32]* %tb)" [example.cpp:61]   --->   Operation 27 'call' <Predicate = true> <Delay = 0.00> <CoreType = "Generic">   --->   Core 0 '' <Latency = 0> <II = 1> <Delay = 1.00> <Generic> <Opcode : >

State 4 <SV = 3> <Delay = 0.00>
ST_4 : Operation 28 [9/12] (0.00ns)   --->   "call fastcc void @readmemA(i32* %in_strm_V, i32* %req_strm_V, [10 x i32]* %tb)" [example.cpp:61]   --->   Operation 28 'call' <Predicate = true> <Delay = 0.00> <CoreType = "Generic">   --->   Core 0 '' <Latency = 0> <II = 1> <Delay = 1.00> <Generic> <Opcode : >

State 5 <SV = 4> <Delay = 0.00>
ST_5 : Operation 29 [8/12] (0.00ns)   --->   "call fastcc void @readmemA(i32* %in_strm_V, i32* %req_strm_V, [10 x i32]* %tb)" [example.cpp:61]   --->   Operation 29 'call' <Predicate = true> <Delay = 0.00> <CoreType = "Generic">   --->   Core 0 '' <Latency = 0> <II = 1> <Delay = 1.00> <Generic> <Opcode : >

State 6 <SV = 5> <Delay = 0.00>
ST_6 : Operation 30 [7/12] (0.00ns)   --->   "call fastcc void @readmemA(i32* %in_strm_V, i32* %req_strm_V, [10 x i32]* %tb)" [example.cpp:61]   --->   Operation 30 'call' <Predicate = true> <Delay = 0.00> <CoreType = "Generic">   --->   Core 0 '' <Latency = 0> <II = 1> <Delay = 1.00> <Generic> <Opcode : >

State 7 <SV = 6> <Delay = 0.00>
ST_7 : Operation 31 [6/12] (0.00ns)   --->   "call fastcc void @readmemA(i32* %in_strm_V, i32* %req_strm_V, [10 x i32]* %tb)" [example.cpp:61]   --->   Operation 31 'call' <Predicate = true> <Delay = 0.00> <CoreType = "Generic">   --->   Core 0 '' <Latency = 0> <II = 1> <Delay = 1.00> <Generic> <Opcode : >

State 8 <SV = 7> <Delay = 0.00>
ST_8 : Operation 32 [5/12] (0.00ns)   --->   "call fastcc void @readmemA(i32* %in_strm_V, i32* %req_strm_V, [10 x i32]* %tb)" [example.cpp:61]   --->   Operation 32 'call' <Predicate = true> <Delay = 0.00> <CoreType = "Generic">   --->   Core 0 '' <Latency = 0> <II = 1> <Delay = 1.00> <Generic> <Opcode : >

State 9 <SV = 8> <Delay = 0.00>
ST_9 : Operation 33 [4/12] (0.00ns)   --->   "call fastcc void @readmemA(i32* %in_strm_V, i32* %req_strm_V, [10 x i32]* %tb)" [example.cpp:61]   --->   Operation 33 'call' <Predicate = true> <Delay = 0.00> <CoreType = "Generic">   --->   Core 0 '' <Latency = 0> <II = 1> <Delay = 1.00> <Generic> <Opcode : >

State 10 <SV = 9> <Delay = 0.00>
ST_10 : Operation 34 [3/12] (0.00ns)   --->   "call fastcc void @readmemA(i32* %in_strm_V, i32* %req_strm_V, [10 x i32]* %tb)" [example.cpp:61]   --->   Operation 34 'call' <Predicate = true> <Delay = 0.00> <CoreType = "Generic">   --->   Core 0 '' <Latency = 0> <II = 1> <Delay = 1.00> <Generic> <Opcode : >

State 11 <SV = 10> <Delay = 0.00>
ST_11 : Operation 35 [2/12] (0.00ns)   --->   "call fastcc void @readmemA(i32* %in_strm_V, i32* %req_strm_V, [10 x i32]* %tb)" [example.cpp:61]   --->   Operation 35 'call' <Predicate = true> <Delay = 0.00> <CoreType = "Generic">   --->   Core 0 '' <Latency = 0> <II = 1> <Delay = 1.00> <Generic> <Opcode : >

State 12 <SV = 11> <Delay = 0.00>
ST_12 : Operation 36 [1/12] (0.00ns)   --->   "call fastcc void @readmemA(i32* %in_strm_V, i32* %req_strm_V, [10 x i32]* %tb)" [example.cpp:61]   --->   Operation 36 'call' <Predicate = true> <Delay = 0.00> <CoreType = "Generic">   --->   Core 0 '' <Latency = 0> <II = 1> <Delay = 1.00> <Generic> <Opcode : >

State 13 <SV = 12> <Delay = 0.00>
ST_13 : Operation 37 [11/11] (0.00ns)   --->   "call fastcc void @readmemB(i32* %req_strm_V, i32* %out_strm_V, [10 x i32]* %tb)" [example.cpp:62]   --->   Operation 37 'call' <Predicate = true> <Delay = 0.00> <CoreType = "Generic">   --->   Core 0 '' <Latency = 0> <II = 1> <Delay = 1.00> <Generic> <Opcode : >

State 14 <SV = 13> <Delay = 0.00>
ST_14 : Operation 38 [10/11] (0.00ns)   --->   "call fastcc void @readmemB(i32* %req_strm_V, i32* %out_strm_V, [10 x i32]* %tb)" [example.cpp:62]   --->   Operation 38 'call' <Predicate = true> <Delay = 0.00> <CoreType = "Generic">   --->   Core 0 '' <Latency = 0> <II = 1> <Delay = 1.00> <Generic> <Opcode : >

State 15 <SV = 14> <Delay = 0.00>
ST_15 : Operation 39 [9/11] (0.00ns)   --->   "call fastcc void @readmemB(i32* %req_strm_V, i32* %out_strm_V, [10 x i32]* %tb)" [example.cpp:62]   --->   Operation 39 'call' <Predicate = true> <Delay = 0.00> <CoreType = "Generic">   --->   Core 0 '' <Latency = 0> <II = 1> <Delay = 1.00> <Generic> <Opcode : >

State 16 <SV = 15> <Delay = 0.00>
ST_16 : Operation 40 [8/11] (0.00ns)   --->   "call fastcc void @readmemB(i32* %req_strm_V, i32* %out_strm_V, [10 x i32]* %tb)" [example.cpp:62]   --->   Operation 40 'call' <Predicate = true> <Delay = 0.00> <CoreType = "Generic">   --->   Core 0 '' <Latency = 0> <II = 1> <Delay = 1.00> <Generic> <Opcode : >

State 17 <SV = 16> <Delay = 0.00>
ST_17 : Operation 41 [7/11] (0.00ns)   --->   "call fastcc void @readmemB(i32* %req_strm_V, i32* %out_strm_V, [10 x i32]* %tb)" [example.cpp:62]   --->   Operation 41 'call' <Predicate = true> <Delay = 0.00> <CoreType = "Generic">   --->   Core 0 '' <Latency = 0> <II = 1> <Delay = 1.00> <Generic> <Opcode : >

State 18 <SV = 17> <Delay = 0.00>
ST_18 : Operation 42 [6/11] (0.00ns)   --->   "call fastcc void @readmemB(i32* %req_strm_V, i32* %out_strm_V, [10 x i32]* %tb)" [example.cpp:62]   --->   Operation 42 'call' <Predicate = true> <Delay = 0.00> <CoreType = "Generic">   --->   Core 0 '' <Latency = 0> <II = 1> <Delay = 1.00> <Generic> <Opcode : >

State 19 <SV = 18> <Delay = 0.00>
ST_19 : Operation 43 [5/11] (0.00ns)   --->   "call fastcc void @readmemB(i32* %req_strm_V, i32* %out_strm_V, [10 x i32]* %tb)" [example.cpp:62]   --->   Operation 43 'call' <Predicate = true> <Delay = 0.00> <CoreType = "Generic">   --->   Core 0 '' <Latency = 0> <II = 1> <Delay = 1.00> <Generic> <Opcode : >

State 20 <SV = 19> <Delay = 0.00>
ST_20 : Operation 44 [4/11] (0.00ns)   --->   "call fastcc void @readmemB(i32* %req_strm_V, i32* %out_strm_V, [10 x i32]* %tb)" [example.cpp:62]   --->   Operation 44 'call' <Predicate = true> <Delay = 0.00> <CoreType = "Generic">   --->   Core 0 '' <Latency = 0> <II = 1> <Delay = 1.00> <Generic> <Opcode : >

State 21 <SV = 20> <Delay = 0.00>
ST_21 : Operation 45 [3/11] (0.00ns)   --->   "call fastcc void @readmemB(i32* %req_strm_V, i32* %out_strm_V, [10 x i32]* %tb)" [example.cpp:62]   --->   Operation 45 'call' <Predicate = true> <Delay = 0.00> <CoreType = "Generic">   --->   Core 0 '' <Latency = 0> <II = 1> <Delay = 1.00> <Generic> <Opcode : >

State 22 <SV = 21> <Delay = 0.00>
ST_22 : Operation 46 [2/11] (0.00ns)   --->   "call fastcc void @readmemB(i32* %req_strm_V, i32* %out_strm_V, [10 x i32]* %tb)" [example.cpp:62]   --->   Operation 46 'call' <Predicate = true> <Delay = 0.00> <CoreType = "Generic">   --->   Core 0 '' <Latency = 0> <II = 1> <Delay = 1.00> <Generic> <Opcode : >

State 23 <SV = 22> <Delay = 0.00>
ST_23 : Operation 47 [1/1] (0.00ns)   --->   "%empty = call i32 (...)* @_ssdm_op_SpecInterface(i32* %in_strm_V, [8 x i8]* @ap_fifo_str, i32 0, i32 0, [1 x i8]* @p_str, i32 0, i32 0, [1 x i8]* @p_str, [1 x i8]* @p_str, [1 x i8]* @p_str, i32 2, i32 2, i32 16, i32 16, [1 x i8]* @p_str, [1 x i8]* @p_str)"   --->   Operation 47 'specinterface' 'empty' <Predicate = true> <Delay = 0.00>
ST_23 : Operation 48 [1/1] (0.00ns)   --->   "%empty_6 = call i32 (...)* @_ssdm_op_SpecInterface(i32* %out_strm_V, [8 x i8]* @ap_fifo_str, i32 0, i32 0, [1 x i8]* @p_str, i32 0, i32 0, [1 x i8]* @p_str, [1 x i8]* @p_str, [1 x i8]* @p_str, i32 2, i32 2, i32 16, i32 16, [1 x i8]* @p_str, [1 x i8]* @p_str)"   --->   Operation 48 'specinterface' 'empty_6' <Predicate = true> <Delay = 0.00>
ST_23 : Operation 49 [1/1] (0.00ns)   --->   "call void (...)* @_ssdm_op_SpecDataflowPipeline(i32 -1, i32 0, [1 x i8]* @p_str) nounwind" [example.cpp:59]   --->   Operation 49 'specdataflowpipeline' <Predicate = true> <Delay = 0.00>
ST_23 : Operation 50 [1/1] (0.00ns)   --->   "call void (...)* @_ssdm_op_SpecMemCore([10 x i32]* %tb, [1 x i8]* @p_str, [12 x i8]* @p_str4, [1 x i8]* @p_str, i32 -1, [1 x i8]* @p_str, [1 x i8]* @p_str, [1 x i8]* @p_str, [1 x i8]* @p_str, [1 x i8]* @p_str)"   --->   Operation 50 'specmemcore' <Predicate = true> <Delay = 0.00>
ST_23 : Operation 51 [1/1] (0.00ns)   --->   "%empty_7 = call i32 (...)* @_ssdm_op_SpecChannel([11 x i8]* @req_strm_OC_V_str, i32 1, [1 x i8]* @p_str, [1 x i8]* @p_str, i32 4, i32 4, i32* %req_strm_V, i32* %req_strm_V)"   --->   Operation 51 'specchannel' 'empty_7' <Predicate = true> <Delay = 0.00>
ST_23 : Operation 52 [1/1] (0.00ns)   --->   "%empty_8 = call i32 (...)* @_ssdm_op_SpecInterface(i32* %req_strm_V, [8 x i8]* @ap_fifo_str, i32 0, i32 0, [1 x i8]* @p_str, i32 0, i32 0, [1 x i8]* @p_str, [1 x i8]* @p_str, [1 x i8]* @p_str, i32 2, i32 2, i32 16, i32 16, [1 x i8]* @p_str, [1 x i8]* @p_str)"   --->   Operation 52 'specinterface' 'empty_8' <Predicate = true> <Delay = 0.00>
ST_23 : Operation 53 [1/1] (0.00ns)   --->   "call void (...)* @_ssdm_op_SpecStableContent([10 x i32]* %tb) nounwind" [example.cpp:60]   --->   Operation 53 'specstablecontent' <Predicate = true> <Delay = 0.00>
ST_23 : Operation 54 [1/11] (0.00ns)   --->   "call fastcc void @readmemB(i32* %req_strm_V, i32* %out_strm_V, [10 x i32]* %tb)" [example.cpp:62]   --->   Operation 54 'call' <Predicate = true> <Delay = 0.00> <CoreType = "Generic">   --->   Core 0 '' <Latency = 0> <II = 1> <Delay = 1.00> <Generic> <Opcode : >
ST_23 : Operation 55 [1/1] (0.00ns)   --->   "ret void" [example.cpp:63]   --->   Operation 55 'ret' <Predicate = true> <Delay = 0.00>


============================================================
+ Verbose Summary: Binding
============================================================
STG Binding: 
---------------- STG Properties BEGIN ----------------
- Is combinational: 0
- Is one-state seq: 0
- Is datapath-only: 0
- Is pipelined: 0
- Is top level: 0
Port [ Return ] is wired: 1; IO mode=ap_ctrl_hs:ce=0
Port [ in_strm_V]:  wired=1; compound=1; hidden=0; nouse=0; global=0; static=0; extern=0; dir=0; type=3; pingpong=0; private_global=0; IO mode=ap_fifo:ce=0
Port [ out_strm_V]:  wired=1; compound=1; hidden=0; nouse=0; global=0; static=0; extern=0; dir=1; type=3; pingpong=0; private_global=0; IO mode=ap_fifo:ce=0
Port [ tb]:  wired=1; compound=1; hidden=0; nouse=0; global=0; static=0; extern=0; dir=0; type=1; pingpong=0; private_global=0; MemPort=[11]; IO mode=ap_memory:ce=0
---------------- STG Properties END ------------------

---------------- Datapath Model BEGIN ----------------

<LifeTime>
<method=bitvector/>
req_strm_V                (alloca              ) [ 001111111111111111111111]
call_ln61                 (call                ) [ 000000000000000000000000]
empty                     (specinterface       ) [ 000000000000000000000000]
empty_6                   (specinterface       ) [ 000000000000000000000000]
specdataflowpipeline_ln59 (specdataflowpipeline) [ 000000000000000000000000]
specmemcore_ln0           (specmemcore         ) [ 000000000000000000000000]
empty_7                   (specchannel         ) [ 000000000000000000000000]
empty_8                   (specinterface       ) [ 000000000000000000000000]
specstablecontent_ln60    (specstablecontent   ) [ 000000000000000000000000]
call_ln62                 (call                ) [ 000000000000000000000000]
ret_ln63                  (ret                 ) [ 000000000000000000000000]
</LifeTime>

<model>

<comp_list>
<comp id="0" class="1000" name="in_strm_V">
<pin_list>
<pin id="1" dir="1" index="0" bw="1" slack="0"/>
</pin_list>
<bind>
<StgValue><ssdm name="in_strm_V"/></StgValue>
</bind>
</comp>

<comp id="2" class="1000" name="out_strm_V">
<pin_list>
<pin id="3" dir="1" index="0" bw="1" slack="0"/>
</pin_list>
<bind>
<StgValue><ssdm name="out_strm_V"/></StgValue>
</bind>
</comp>

<comp id="4" class="1000" name="tb">
<pin_list>
<pin id="5" dir="1" index="0" bw="1" slack="0"/>
</pin_list>
<bind>
<StgValue><ssdm name="tb"/><MemPortTyVec>1 1 </MemPortTyVec>
</StgValue>
</bind>
</comp>

<comp id="6" class="1001" name="const_6">
<pin_list>
<pin id="7" dir="1" index="0" bw="1" slack="0"/>
</pin_list>
<bind>
<StgValue><ssdm name=""/></StgValue>
</bind>
</comp>

<comp id="8" class="1001" name="const_8">
<pin_list>
<pin id="9" dir="1" index="0" bw="1" slack="0"/>
</pin_list>
<bind>
<StgValue><ssdm name="readmemA"/></StgValue>
</bind>
</comp>

<comp id="10" class="1001" name="const_10">
<pin_list>
<pin id="11" dir="1" index="0" bw="1" slack="0"/>
</pin_list>
<bind>
<StgValue><ssdm name="readmemB"/></StgValue>
</bind>
</comp>

<comp id="12" class="1001" name="const_12">
<pin_list>
<pin id="13" dir="1" index="0" bw="1" slack="2147483647"/>
</pin_list>
<bind>
<StgValue><ssdm name="_ssdm_op_SpecInterface"/></StgValue>
</bind>
</comp>

<comp id="14" class="1001" name="const_14">
<pin_list>
<pin id="15" dir="1" index="0" bw="1" slack="2147483647"/>
</pin_list>
<bind>
<StgValue><ssdm name="ap_fifo_str"/></StgValue>
</bind>
</comp>

<comp id="16" class="1001" name="const_16">
<pin_list>
<pin id="17" dir="1" index="0" bw="1" slack="2147483647"/>
</pin_list>
<bind>
<StgValue><ssdm name=""/></StgValue>
</bind>
</comp>

<comp id="18" class="1001" name="const_18">
<pin_list>
<pin id="19" dir="1" index="0" bw="1" slack="2147483647"/>
</pin_list>
<bind>
<StgValue><ssdm name="p_str"/></StgValue>
</bind>
</comp>

<comp id="20" class="1001" name="const_20">
<pin_list>
<pin id="21" dir="1" index="0" bw="1" slack="2147483647"/>
</pin_list>
<bind>
<StgValue><ssdm name=""/></StgValue>
</bind>
</comp>

<comp id="22" class="1001" name="const_22">
<pin_list>
<pin id="23" dir="1" index="0" bw="1" slack="2147483647"/>
</pin_list>
<bind>
<StgValue><ssdm name=""/></StgValue>
</bind>
</comp>

<comp id="24" class="1001" name="const_24">
<pin_list>
<pin id="25" dir="1" index="0" bw="1" slack="2147483647"/>
</pin_list>
<bind>
<StgValue><ssdm name="_ssdm_op_SpecDataflowPipeline"/></StgValue>
</bind>
</comp>

<comp id="26" class="1001" name="const_26">
<pin_list>
<pin id="27" dir="1" index="0" bw="1" slack="2147483647"/>
</pin_list>
<bind>
<StgValue><ssdm name=""/></StgValue>
</bind>
</comp>

<comp id="28" class="1001" name="const_28">
<pin_list>
<pin id="29" dir="1" index="0" bw="1" slack="2147483647"/>
</pin_list>
<bind>
<StgValue><ssdm name="_ssdm_op_SpecMemCore"/></StgValue>
</bind>
</comp>

<comp id="30" class="1001" name="const_30">
<pin_list>
<pin id="31" dir="1" index="0" bw="1" slack="2147483647"/>
</pin_list>
<bind>
<StgValue><ssdm name="p_str4"/></StgValue>
</bind>
</comp>

<comp id="32" class="1001" name="const_32">
<pin_list>
<pin id="33" dir="1" index="0" bw="1" slack="2147483647"/>
</pin_list>
<bind>
<StgValue><ssdm name="_ssdm_op_SpecChannel"/></StgValue>
</bind>
</comp>

<comp id="34" class="1001" name="const_34">
<pin_list>
<pin id="35" dir="1" index="0" bw="1" slack="2147483647"/>
</pin_list>
<bind>
<StgValue><ssdm name="req_strm_OC_V_str"/></StgValue>
</bind>
</comp>

<comp id="36" class="1001" name="const_36">
<pin_list>
<pin id="37" dir="1" index="0" bw="1" slack="2147483647"/>
</pin_list>
<bind>
<StgValue><ssdm name=""/></StgValue>
</bind>
</comp>

<comp id="38" class="1001" name="const_38">
<pin_list>
<pin id="39" dir="1" index="0" bw="1" slack="2147483647"/>
</pin_list>
<bind>
<StgValue><ssdm name=""/></StgValue>
</bind>
</comp>

<comp id="40" class="1001" name="const_40">
<pin_list>
<pin id="41" dir="1" index="0" bw="1" slack="2147483647"/>
</pin_list>
<bind>
<StgValue><ssdm name="_ssdm_op_SpecStableContent"/></StgValue>
</bind>
</comp>

<comp id="42" class="1004" name="req_strm_V_fu_42">
<pin_list>
<pin id="43" dir="0" index="0" bw="1" slack="0"/>
<pin id="44" dir="1" index="1" bw="32" slack="0"/>
</pin_list>
<bind>
<opcode="alloca(26) " fcode="alloca"/>
<opset="req_strm_V/1 "/>
</bind>
</comp>

<comp id="46" class="1004" name="grp_readmemB_fu_46">
<pin_list>
<pin id="47" dir="0" index="0" bw="0" slack="0"/>
<pin id="48" dir="0" index="1" bw="32" slack="12"/>
<pin id="49" dir="0" index="2" bw="32" slack="0"/>
<pin id="50" dir="0" index="3" bw="32" slack="0"/>
<pin id="51" dir="1" index="4" bw="0" slack="2147483647"/>
</pin_list>
<bind>
<opcode="call(48) " fcode="call"/>
<opset="call_ln62/13 "/>
</bind>
</comp>

<comp id="55" class="1004" name="grp_readmemA_fu_55">
<pin_list>
<pin id="56" dir="0" index="0" bw="0" slack="0"/>
<pin id="57" dir="0" index="1" bw="32" slack="0"/>
<pin id="58" dir="0" index="2" bw="32" slack="0"/>
<pin id="59" dir="0" index="3" bw="32" slack="0"/>
<pin id="60" dir="1" index="4" bw="0" slack="2147483647"/>
</pin_list>
<bind>
<opcode="call(48) " fcode="call"/>
<opset="call_ln61/1 "/>
</bind>
</comp>

<comp id="64" class="1005" name="req_strm_V_reg_64">
<pin_list>
<pin id="65" dir="0" index="0" bw="32" slack="0"/>
<pin id="66" dir="1" index="1" bw="32" slack="0"/>
</pin_list>
<bind>
<opset="req_strm_V "/>
</bind>
</comp>

</comp_list>

<net_list>
<net id="45"><net_src comp="6" pin="0"/><net_sink comp="42" pin=0"/></net>

<net id="52"><net_src comp="10" pin="0"/><net_sink comp="46" pin=0"/></net>

<net id="53"><net_src comp="2" pin="0"/><net_sink comp="46" pin=2"/></net>

<net id="54"><net_src comp="4" pin="0"/><net_sink comp="46" pin=3"/></net>

<net id="61"><net_src comp="8" pin="0"/><net_sink comp="55" pin=0"/></net>

<net id="62"><net_src comp="0" pin="0"/><net_sink comp="55" pin=1"/></net>

<net id="63"><net_src comp="4" pin="0"/><net_sink comp="55" pin=3"/></net>

<net id="67"><net_src comp="42" pin="1"/><net_sink comp="64" pin=0"/></net>

<net id="68"><net_src comp="64" pin="1"/><net_sink comp="55" pin=2"/></net>

<net id="69"><net_src comp="64" pin="1"/><net_sink comp="46" pin=1"/></net>

</net_list>

</model> 
---------------- Datapath Model END ------------------

* FSMD analyzer results:
  - Output states:
	Port: out_strm_V | {23 }
 - Input state : 
	Port: readmem : in_strm_V | {1 2 3 4 5 6 7 8 9 10 }
	Port: readmem : tb | {1 2 3 4 5 6 7 8 9 10 11 13 14 15 16 17 18 19 20 21 22 23 }
  - Chain level:
	State 1
		call_ln61 : 1
	State 2
	State 3
	State 4
	State 5
	State 6
	State 7
	State 8
	State 9
	State 10
	State 11
	State 12
	State 13
	State 14
	State 15
	State 16
	State 17
	State 18
	State 19
	State 20
	State 21
	State 22
	State 23


============================================================
+ Verbose Summary: Datapath Resource usage 
============================================================

* Functional unit list:
|----------|--------------------|---------|---------|---------|
| Operation|   Functional Unit  |  Delay  |    FF   |   LUT   |
|----------|--------------------|---------|---------|---------|
|   call   | grp_readmemB_fu_46 |  2.333  |   392   |   804   |
|          | grp_readmemA_fu_55 | 4.14775 |   114   |   130   |
|----------|--------------------|---------|---------|---------|
|   Total  |                    | 6.48075 |   506   |   934   |
|----------|--------------------|---------|---------|---------|

Memories:
N/A

* Register list:
+-----------------+--------+
|                 |   FF   |
+-----------------+--------+
|req_strm_V_reg_64|   32   |
+-----------------+--------+
|      Total      |   32   |
+-----------------+--------+

* Multiplexer (MUX) list: 
|--------|------|------|------|--------|
|  Comp  |  Pin | Size |  BW  | S x BW |
|--------|------|------|------|--------|
|  Total |      |      |      |    0   |
|--------|------|------|------|--------|



* Summary:
+-----------+--------+--------+--------+
|           |  Delay |   FF   |   LUT  |
+-----------+--------+--------+--------+
|  Function |    6   |   506  |   934  |
|   Memory  |    -   |    -   |    -   |
|Multiplexer|    -   |    -   |    -   |
|  Register |    -   |   32   |    -   |
+-----------+--------+--------+--------+
|   Total   |    6   |   538  |   934  |
+-----------+--------+--------+--------+
