

================================================================
== Vivado HLS Report for 'example'
================================================================
* Date:           Fri Dec 25 16:44:36 2020

* Version:        2019.2 (Build 2704478 on Wed Nov 06 22:10:23 MST 2019)
* Project:        proj_stable_content
* Solution:       baseline
* Product family: zynq
* Target device:  xc7z020-clg484-1


================================================================
== Performance Estimates
================================================================
+ Timing: 
    * Summary: 
    +--------+----------+----------+------------+
    |  Clock |  Target  | Estimated| Uncertainty|
    +--------+----------+----------+------------+
    |ap_clk  | 13.33 ns | 6.888 ns |   1.67 ns  |
    +--------+----------+----------+------------+

+ Latency: 
    * Summary: 
    +---------+---------+----------+----------+-----+-----+---------+
    |  Latency (cycles) |  Latency (absolute) |  Interval | Pipeline|
    |   min   |   max   |    min   |    max   | min | max |   Type  |
    +---------+---------+----------+----------+-----+-----+---------+
    |       54|       54| 0.720 us | 0.720 us |   54|   54|   none  |
    +---------+---------+----------+----------+-----+-----+---------+

    + Detail: 
        * Instance: 
        N/A

        * Loop: 
        +----------+---------+---------+----------+-----------+-----------+------+----------+
        |          |  Latency (cycles) | Iteration|  Initiation Interval  | Trip |          |
        | Loop Name|   min   |   max   |  Latency |  achieved |   target  | Count| Pipelined|
        +----------+---------+---------+----------+-----------+-----------+------+----------+
        |- load    |       10|       10|         1|          -|          -|    10|    no    |
        +----------+---------+---------+----------+-----------+-----------+------+----------+

============================================================
+ Verbose Summary: Synthesis Manager
============================================================
InlineROM: 1
ExposeGlobal: 0
============================================================
+ Verbose Summary: CDFG Model
============================================================
IsTopModel: 1
ResetActiveHigh: 1
IsCombinational: 0
IsDatapathOnly: 0
HasWiredReturn: 1
HasMFsm: 0
HasVarLatency: 1
IsPipeline: 0
IsRtlPipelined: 0
IsInstanceOverlapped: 0
IsDontTouch: 0
HasImplIP: 0
IsGatedGlobalClock: 0


============================================================
+ Verbose Summary: Schedule
============================================================
* Number of FSM states : 3
* Pipeline : 0
* Dataflow Pipeline: 0

* FSM state transitions: 
1 --> 2 
2 --> 3 2 
3 --> 

* FSM state operations: 

State 1 <SV = 0> <Delay = 1.76>
ST_1 : Operation 4 [1/1] (0.00ns)   --->   "%empty = call i32 (...)* @_ssdm_op_SpecInterface(i32* %out_strm_V, [8 x i8]* @ap_fifo_str, i32 0, i32 0, [1 x i8]* @p_str31, i32 0, i32 0, [1 x i8]* @p_str32, [1 x i8]* @p_str33, [1 x i8]* @p_str34, i32 2, i32 2, i32 16, i32 16, [1 x i8]* @p_str35, [1 x i8]* @p_str36)"   --->   Operation 4 'specinterface' 'empty' <Predicate = true> <Delay = 0.00>
ST_1 : Operation 5 [1/1] (0.00ns)   --->   "%empty_9 = call i32 (...)* @_ssdm_op_SpecInterface(i32* %in2_strm_V, [8 x i8]* @ap_fifo_str, i32 0, i32 0, [1 x i8]* @p_str25, i32 0, i32 0, [1 x i8]* @p_str26, [1 x i8]* @p_str27, [1 x i8]* @p_str28, i32 2, i32 2, i32 16, i32 16, [1 x i8]* @p_str29, [1 x i8]* @p_str30)"   --->   Operation 5 'specinterface' 'empty_9' <Predicate = true> <Delay = 0.00>
ST_1 : Operation 6 [1/1] (0.00ns)   --->   "%empty_10 = call i32 (...)* @_ssdm_op_SpecInterface(i32* %in1_strm_V, [8 x i8]* @ap_fifo_str, i32 0, i32 0, [1 x i8]* @p_str19, i32 0, i32 0, [1 x i8]* @p_str20, [1 x i8]* @p_str21, [1 x i8]* @p_str22, i32 2, i32 2, i32 16, i32 16, [1 x i8]* @p_str23, [1 x i8]* @p_str24)"   --->   Operation 6 'specinterface' 'empty_10' <Predicate = true> <Delay = 0.00>
ST_1 : Operation 7 [1/1] (0.00ns)   --->   "call void (...)* @_ssdm_op_SpecBitsMap(i32* %in1_strm_V), !map !33"   --->   Operation 7 'specbitsmap' <Predicate = true> <Delay = 0.00>
ST_1 : Operation 8 [1/1] (0.00ns)   --->   "call void (...)* @_ssdm_op_SpecBitsMap(i32* %in2_strm_V), !map !39"   --->   Operation 8 'specbitsmap' <Predicate = true> <Delay = 0.00>
ST_1 : Operation 9 [1/1] (0.00ns)   --->   "call void (...)* @_ssdm_op_SpecBitsMap(i32* %out_strm_V), !map !43"   --->   Operation 9 'specbitsmap' <Predicate = true> <Delay = 0.00>
ST_1 : Operation 10 [1/1] (0.00ns)   --->   "call void (...)* @_ssdm_op_SpecTopModule([8 x i8]* @example_str) nounwind"   --->   Operation 10 'spectopmodule' <Predicate = true> <Delay = 0.00>
ST_1 : Operation 11 [1/1] (0.00ns)   --->   "%tb = alloca [10 x i32], align 16" [example.cpp:76]   --->   Operation 11 'alloca' 'tb' <Predicate = true> <Delay = 0.00> <Core = "RAM_2P_BRAM">   --->   Core 42 'RAM_2P_BRAM' <Latency = 1> <II = 1> <Delay = 3.25> <Storage> <Opcode : 'load' 'store'> <Ports = 2> <Width = 32> <Depth = 10> <RAM>
ST_1 : Operation 12 [1/1] (0.00ns)   --->   "call void (...)* @_ssdm_op_SpecMemCore([10 x i32]* %tb, [1 x i8]* @p_str2, [12 x i8]* @p_str4, [1 x i8]* @p_str2, i32 -1, [1 x i8]* @p_str2, [1 x i8]* @p_str2, [1 x i8]* @p_str2, [1 x i8]* @p_str2, [1 x i8]* @p_str2)" [example.cpp:77]   --->   Operation 12 'specmemcore' <Predicate = true> <Delay = 0.00>
ST_1 : Operation 13 [1/1] (0.00ns)   --->   "call void (...)* @_ssdm_op_SpecMemCore([10 x i32]* %tb, [1 x i8]* @p_str2, [12 x i8]* @p_str4, [1 x i8]* @p_str2, i32 -1, [1 x i8]* @p_str2, [1 x i8]* @p_str2, [1 x i8]* @p_str2, [1 x i8]* @p_str2, [1 x i8]* @p_str2)"   --->   Operation 13 'specmemcore' <Predicate = true> <Delay = 0.00>
ST_1 : Operation 14 [1/1] (1.76ns)   --->   "br label %1" [example.cpp:65->example.cpp:78]   --->   Operation 14 'br' <Predicate = true> <Delay = 1.76>

State 2 <SV = 1> <Delay = 6.88>
ST_2 : Operation 15 [1/1] (0.00ns)   --->   "%i_0_i = phi i4 [ 0, %0 ], [ %i, %2 ]"   --->   Operation 15 'phi' 'i_0_i' <Predicate = true> <Delay = 0.00>
ST_2 : Operation 16 [1/1] (1.30ns)   --->   "%icmp_ln65 = icmp eq i4 %i_0_i, -6" [example.cpp:65->example.cpp:78]   --->   Operation 16 'icmp' 'icmp_ln65' <Predicate = true> <Delay = 1.30> <Core = "Cmp">   --->   Core 25 'Cmp' <Latency = 0> <II = 1> <Delay = 1.30> <FuncUnit> <Opcode : 'icmp'> <InPorts = 2> <OutPorts = 1>
ST_2 : Operation 17 [1/1] (0.00ns)   --->   "%empty_11 = call i32 (...)* @_ssdm_op_SpecLoopTripCount(i64 10, i64 10, i64 10)"   --->   Operation 17 'speclooptripcount' 'empty_11' <Predicate = true> <Delay = 0.00>
ST_2 : Operation 18 [1/1] (1.73ns)   --->   "%i = add i4 %i_0_i, 1" [example.cpp:65->example.cpp:78]   --->   Operation 18 'add' 'i' <Predicate = true> <Delay = 1.73> <Core = "AddSub">   --->   Core 14 'AddSub' <Latency = 0> <II = 1> <Delay = 1.73> <FuncUnit> <Opcode : 'add' 'sub'> <InPorts = 2> <OutPorts = 1>
ST_2 : Operation 19 [1/1] (0.00ns)   --->   "br i1 %icmp_ln65, label %writemem.exit, label %2" [example.cpp:65->example.cpp:78]   --->   Operation 19 'br' <Predicate = true> <Delay = 0.00>
ST_2 : Operation 20 [1/1] (0.00ns)   --->   "call void (...)* @_ssdm_op_SpecLoopName([5 x i8]* @p_str3) nounwind" [example.cpp:66->example.cpp:78]   --->   Operation 20 'specloopname' <Predicate = (!icmp_ln65)> <Delay = 0.00>
ST_2 : Operation 21 [1/1] (3.63ns)   --->   "%tmp = call i32 @_ssdm_op_Read.ap_fifo.volatile.i32P(i32* %in1_strm_V)" [example.cpp:67->example.cpp:78]   --->   Operation 21 'read' 'tmp' <Predicate = (!icmp_ln65)> <Delay = 3.63> <Core = "FIFO">   --->   Core 32 'FIFO' <Latency = 0> <II = 1> <Delay = 3.63> <Storage> <Opcode : 'read' 'write' 'nbread' 'nbwrite'> <Ports = 0> <Width = 32> <Depth = 4> <FIFO>
ST_2 : Operation 22 [1/1] (0.00ns)   --->   "%zext_ln68 = zext i4 %i_0_i to i64" [example.cpp:68->example.cpp:78]   --->   Operation 22 'zext' 'zext_ln68' <Predicate = (!icmp_ln65)> <Delay = 0.00>
ST_2 : Operation 23 [1/1] (0.00ns)   --->   "%tb_addr = getelementptr [10 x i32]* %tb, i64 0, i64 %zext_ln68" [example.cpp:68->example.cpp:78]   --->   Operation 23 'getelementptr' 'tb_addr' <Predicate = (!icmp_ln65)> <Delay = 0.00>
ST_2 : Operation 24 [1/1] (3.25ns)   --->   "store i32 %tmp, i32* %tb_addr, align 4" [example.cpp:68->example.cpp:78]   --->   Operation 24 'store' <Predicate = (!icmp_ln65)> <Delay = 3.25> <Core = "RAM_2P_BRAM">   --->   Core 42 'RAM_2P_BRAM' <Latency = 1> <II = 1> <Delay = 3.25> <Storage> <Opcode : 'load' 'store'> <Ports = 2> <Width = 32> <Depth = 10> <RAM>
ST_2 : Operation 25 [1/1] (0.00ns)   --->   "br label %1" [example.cpp:65->example.cpp:78]   --->   Operation 25 'br' <Predicate = (!icmp_ln65)> <Delay = 0.00>
ST_2 : Operation 26 [2/2] (0.00ns)   --->   "call fastcc void @readmem(i32* %in2_strm_V, i32* %out_strm_V, [10 x i32]* %tb)" [example.cpp:79]   --->   Operation 26 'call' <Predicate = (icmp_ln65)> <Delay = 0.00> <CoreType = "Generic">   --->   Core 0 '' <Latency = 0> <II = 1> <Delay = 1.00> <Generic> <Opcode : >

State 3 <SV = 2> <Delay = 0.00>
ST_3 : Operation 27 [1/2] (0.00ns)   --->   "call fastcc void @readmem(i32* %in2_strm_V, i32* %out_strm_V, [10 x i32]* %tb)" [example.cpp:79]   --->   Operation 27 'call' <Predicate = true> <Delay = 0.00> <CoreType = "Generic">   --->   Core 0 '' <Latency = 0> <II = 1> <Delay = 1.00> <Generic> <Opcode : >
ST_3 : Operation 28 [1/1] (0.00ns)   --->   "ret void" [example.cpp:80]   --->   Operation 28 'ret' <Predicate = true> <Delay = 0.00>


============================================================
+ Verbose Summary: Timing violations
============================================================
Target clock period: 13.3ns, clock uncertainty: 1.67ns.

 <State 1>: 1.77ns
The critical path consists of the following:
	multiplexor before 'phi' operation ('i') with incoming values : ('i', example.cpp:65->example.cpp:78) [16]  (1.77 ns)

 <State 2>: 6.89ns
The critical path consists of the following:
	fifo read on port 'in1_strm_V' (example.cpp:67->example.cpp:78) [23]  (3.63 ns)
	'store' operation ('store_ln68', example.cpp:68->example.cpp:78) of variable 'tmp', example.cpp:67->example.cpp:78 on array 'tb', example.cpp:76 [26]  (3.25 ns)

 <State 3>: 0ns
The critical path consists of the following:


============================================================
+ Verbose Summary: Binding
============================================================
N/A
* FSMD analyzer results:
  - Output states:
 - Input state : 
  - Chain level:
	State 1
	State 2
	State 3


============================================================
+ Verbose Summary: Datapath Resource usage 
============================================================
N/A
